{"timestamp":"2025-05-15T17:07:25.271945","level":"info","event":"Filling up the DagBag from /home/airflow/.local/lib/python3.12/site-packages/airflow/example_dags/example_asset_alias.py","logger":"airflow.models.dagbag.DagBag"}
{"timestamp":"2025-05-15T17:08:02.774611","level":"info","event":"Filling up the DagBag from /home/airflow/.local/lib/python3.12/site-packages/airflow/example_dags/example_asset_alias.py","logger":"airflow.models.dagbag.DagBag"}
{"timestamp":"2025-05-15T17:08:39.922316","level":"info","event":"Filling up the DagBag from /home/airflow/.local/lib/python3.12/site-packages/airflow/example_dags/example_asset_alias.py","logger":"airflow.models.dagbag.DagBag"}
{"timestamp":"2025-05-15T17:09:10.906927","level":"info","event":"Filling up the DagBag from /home/airflow/.local/lib/python3.12/site-packages/airflow/example_dags/example_asset_alias.py","logger":"airflow.models.dagbag.DagBag"}
{"timestamp":"2025-05-15T17:09:41.717254","level":"info","event":"Filling up the DagBag from /home/airflow/.local/lib/python3.12/site-packages/airflow/example_dags/example_asset_alias.py","logger":"airflow.models.dagbag.DagBag"}
{"timestamp":"2025-05-15T17:11:12.730906","level":"info","event":"Filling up the DagBag from /home/airflow/.local/lib/python3.12/site-packages/airflow/example_dags/example_asset_alias.py","logger":"airflow.models.dagbag.DagBag"}
{"timestamp":"2025-05-15T17:11:57.432972","level":"error","event":"Process timed out, PID: 52","logger":"airflow.utils.timeout.TimeoutPosix"}
{"timestamp":"2025-05-15T17:11:57.470628Z","level":"error","event":"Exception ignored in: <function _collection_gced at 0x7f25a040c4a0>","chan":"stderr","logger":"processor"}
{"timestamp":"2025-05-15T17:11:57.471322Z","level":"error","event":"Traceback (most recent call last):","chan":"stderr","logger":"processor"}
{"timestamp":"2025-05-15T17:11:57.471934Z","level":"error","event":"  File \"/home/airflow/.local/lib/python3.12/site-packages/sqlalchemy/event/registry.py\", line 53, in _collection_gced","chan":"stderr","logger":"processor"}
{"timestamp":"2025-05-15T17:11:57.472514Z","level":"error","event":"    def _collection_gced(ref):","chan":"stderr","logger":"processor"}
{"timestamp":"2025-05-15T17:11:57.473235Z","level":"error","event":"","chan":"stderr","logger":"processor"}
{"timestamp":"2025-05-15T17:11:57.475282Z","level":"error","event":"  File \"/home/airflow/.local/lib/python3.12/site-packages/airflow/utils/timeout.py\", line 69, in handle_timeout","chan":"stderr","logger":"processor"}
{"timestamp":"2025-05-15T17:11:57.476179Z","level":"error","event":"    raise AirflowTaskTimeout(self.error_message)","chan":"stderr","logger":"processor"}
{"timestamp":"2025-05-15T17:11:57.478352Z","level":"error","event":"airflow.exceptions.AirflowTaskTimeout: DagBag import timeout for /home/airflow/.local/lib/python3.12/site-packages/airflow/example_dags/example_asset_alias.py after 30.0s.","chan":"stderr","logger":"processor"}
{"timestamp":"2025-05-15T17:11:57.479244Z","level":"error","event":"Please take a look at these docs to improve your DAG import time:","chan":"stderr","logger":"processor"}
{"timestamp":"2025-05-15T17:11:57.481405Z","level":"error","event":"* https://airflow.apache.org/docs/apache-airflow/3.0.1/best-practices.html#top-level-python-code","chan":"stderr","logger":"processor"}
{"timestamp":"2025-05-15T17:11:57.486194Z","level":"error","event":"* https://airflow.apache.org/docs/apache-airflow/3.0.1/best-practices.html#reducing-dag-complexity, PID: 52","chan":"stderr","logger":"processor"}
{"timestamp":"2025-05-15T17:12:32.540693","level":"info","event":"Filling up the DagBag from /home/airflow/.local/lib/python3.12/site-packages/airflow/example_dags/example_asset_alias.py","logger":"airflow.models.dagbag.DagBag"}
{"timestamp":"2025-05-15T17:13:03.556470","level":"info","event":"Filling up the DagBag from /home/airflow/.local/lib/python3.12/site-packages/airflow/example_dags/example_asset_alias.py","logger":"airflow.models.dagbag.DagBag"}
{"timestamp":"2025-05-15T17:13:34.035467","level":"info","event":"Filling up the DagBag from /home/airflow/.local/lib/python3.12/site-packages/airflow/example_dags/example_asset_alias.py","logger":"airflow.models.dagbag.DagBag"}
{"timestamp":"2025-05-15T17:14:04.412249","level":"info","event":"Filling up the DagBag from /home/airflow/.local/lib/python3.12/site-packages/airflow/example_dags/example_asset_alias.py","logger":"airflow.models.dagbag.DagBag"}
{"timestamp":"2025-05-15T17:14:35.513586","level":"info","event":"Filling up the DagBag from /home/airflow/.local/lib/python3.12/site-packages/airflow/example_dags/example_asset_alias.py","logger":"airflow.models.dagbag.DagBag"}
{"timestamp":"2025-05-15T17:15:06.700224","level":"info","event":"Filling up the DagBag from /home/airflow/.local/lib/python3.12/site-packages/airflow/example_dags/example_asset_alias.py","logger":"airflow.models.dagbag.DagBag"}
{"timestamp":"2025-05-15T17:15:37.899899","level":"info","event":"Filling up the DagBag from /home/airflow/.local/lib/python3.12/site-packages/airflow/example_dags/example_asset_alias.py","logger":"airflow.models.dagbag.DagBag"}
{"timestamp":"2025-05-15T17:16:08.840588","level":"info","event":"Filling up the DagBag from /home/airflow/.local/lib/python3.12/site-packages/airflow/example_dags/example_asset_alias.py","logger":"airflow.models.dagbag.DagBag"}
{"timestamp":"2025-05-15T17:16:39.317925","level":"info","event":"Filling up the DagBag from /home/airflow/.local/lib/python3.12/site-packages/airflow/example_dags/example_asset_alias.py","logger":"airflow.models.dagbag.DagBag"}
{"timestamp":"2025-05-15T17:17:10.186062","level":"info","event":"Filling up the DagBag from /home/airflow/.local/lib/python3.12/site-packages/airflow/example_dags/example_asset_alias.py","logger":"airflow.models.dagbag.DagBag"}
{"timestamp":"2025-05-15T17:17:41.718388","level":"info","event":"Filling up the DagBag from /home/airflow/.local/lib/python3.12/site-packages/airflow/example_dags/example_asset_alias.py","logger":"airflow.models.dagbag.DagBag"}
{"timestamp":"2025-05-15T17:18:12.488563","level":"info","event":"Filling up the DagBag from /home/airflow/.local/lib/python3.12/site-packages/airflow/example_dags/example_asset_alias.py","logger":"airflow.models.dagbag.DagBag"}
{"timestamp":"2025-05-15T17:18:42.686486","level":"info","event":"Filling up the DagBag from /home/airflow/.local/lib/python3.12/site-packages/airflow/example_dags/example_asset_alias.py","logger":"airflow.models.dagbag.DagBag"}
{"timestamp":"2025-05-15T17:19:13.583661","level":"info","event":"Filling up the DagBag from /home/airflow/.local/lib/python3.12/site-packages/airflow/example_dags/example_asset_alias.py","logger":"airflow.models.dagbag.DagBag"}
{"timestamp":"2025-05-15T17:19:43.996642","level":"info","event":"Filling up the DagBag from /home/airflow/.local/lib/python3.12/site-packages/airflow/example_dags/example_asset_alias.py","logger":"airflow.models.dagbag.DagBag"}
{"timestamp":"2025-05-15T17:20:14.344425","level":"info","event":"Filling up the DagBag from /home/airflow/.local/lib/python3.12/site-packages/airflow/example_dags/example_asset_alias.py","logger":"airflow.models.dagbag.DagBag"}
{"timestamp":"2025-05-15T17:20:44.878004","level":"info","event":"Filling up the DagBag from /home/airflow/.local/lib/python3.12/site-packages/airflow/example_dags/example_asset_alias.py","logger":"airflow.models.dagbag.DagBag"}
{"timestamp":"2025-05-15T17:21:15.531866","level":"info","event":"Filling up the DagBag from /home/airflow/.local/lib/python3.12/site-packages/airflow/example_dags/example_asset_alias.py","logger":"airflow.models.dagbag.DagBag"}
{"timestamp":"2025-05-15T17:21:46.016335","level":"info","event":"Filling up the DagBag from /home/airflow/.local/lib/python3.12/site-packages/airflow/example_dags/example_asset_alias.py","logger":"airflow.models.dagbag.DagBag"}
{"timestamp":"2025-05-15T17:22:16.248353","level":"info","event":"Filling up the DagBag from /home/airflow/.local/lib/python3.12/site-packages/airflow/example_dags/example_asset_alias.py","logger":"airflow.models.dagbag.DagBag"}
{"timestamp":"2025-05-15T17:22:47.124981","level":"info","event":"Filling up the DagBag from /home/airflow/.local/lib/python3.12/site-packages/airflow/example_dags/example_asset_alias.py","logger":"airflow.models.dagbag.DagBag"}
{"timestamp":"2025-05-15T17:23:17.762493","level":"info","event":"Filling up the DagBag from /home/airflow/.local/lib/python3.12/site-packages/airflow/example_dags/example_asset_alias.py","logger":"airflow.models.dagbag.DagBag"}
{"timestamp":"2025-05-15T17:23:48.155851","level":"info","event":"Filling up the DagBag from /home/airflow/.local/lib/python3.12/site-packages/airflow/example_dags/example_asset_alias.py","logger":"airflow.models.dagbag.DagBag"}
{"timestamp":"2025-05-15T17:24:19.101644","level":"info","event":"Filling up the DagBag from /home/airflow/.local/lib/python3.12/site-packages/airflow/example_dags/example_asset_alias.py","logger":"airflow.models.dagbag.DagBag"}
{"timestamp":"2025-05-15T17:24:50.205805","level":"info","event":"Filling up the DagBag from /home/airflow/.local/lib/python3.12/site-packages/airflow/example_dags/example_asset_alias.py","logger":"airflow.models.dagbag.DagBag"}
{"timestamp":"2025-05-15T17:25:21.140641","level":"info","event":"Filling up the DagBag from /home/airflow/.local/lib/python3.12/site-packages/airflow/example_dags/example_asset_alias.py","logger":"airflow.models.dagbag.DagBag"}
{"timestamp":"2025-05-15T17:25:51.718561","level":"info","event":"Filling up the DagBag from /home/airflow/.local/lib/python3.12/site-packages/airflow/example_dags/example_asset_alias.py","logger":"airflow.models.dagbag.DagBag"}
{"timestamp":"2025-05-15T17:26:22.111692","level":"info","event":"Filling up the DagBag from /home/airflow/.local/lib/python3.12/site-packages/airflow/example_dags/example_asset_alias.py","logger":"airflow.models.dagbag.DagBag"}
{"timestamp":"2025-05-15T17:26:53.240924","level":"info","event":"Filling up the DagBag from /home/airflow/.local/lib/python3.12/site-packages/airflow/example_dags/example_asset_alias.py","logger":"airflow.models.dagbag.DagBag"}
{"timestamp":"2025-05-15T17:27:23.953726","level":"info","event":"Filling up the DagBag from /home/airflow/.local/lib/python3.12/site-packages/airflow/example_dags/example_asset_alias.py","logger":"airflow.models.dagbag.DagBag"}
{"timestamp":"2025-05-15T17:27:54.741991","level":"info","event":"Filling up the DagBag from /home/airflow/.local/lib/python3.12/site-packages/airflow/example_dags/example_asset_alias.py","logger":"airflow.models.dagbag.DagBag"}
{"timestamp":"2025-05-15T17:28:25.052115","level":"info","event":"Filling up the DagBag from /home/airflow/.local/lib/python3.12/site-packages/airflow/example_dags/example_asset_alias.py","logger":"airflow.models.dagbag.DagBag"}
{"timestamp":"2025-05-15T17:28:55.563710","level":"info","event":"Filling up the DagBag from /home/airflow/.local/lib/python3.12/site-packages/airflow/example_dags/example_asset_alias.py","logger":"airflow.models.dagbag.DagBag"}
{"timestamp":"2025-05-15T17:29:25.852934","level":"info","event":"Filling up the DagBag from /home/airflow/.local/lib/python3.12/site-packages/airflow/example_dags/example_asset_alias.py","logger":"airflow.models.dagbag.DagBag"}
{"timestamp":"2025-05-15T17:29:56.031282","level":"info","event":"Filling up the DagBag from /home/airflow/.local/lib/python3.12/site-packages/airflow/example_dags/example_asset_alias.py","logger":"airflow.models.dagbag.DagBag"}
{"timestamp":"2025-05-15T17:30:26.572565","level":"info","event":"Filling up the DagBag from /home/airflow/.local/lib/python3.12/site-packages/airflow/example_dags/example_asset_alias.py","logger":"airflow.models.dagbag.DagBag"}
{"timestamp":"2025-05-15T17:30:57.244659","level":"info","event":"Filling up the DagBag from /home/airflow/.local/lib/python3.12/site-packages/airflow/example_dags/example_asset_alias.py","logger":"airflow.models.dagbag.DagBag"}
{"timestamp":"2025-05-15T17:31:27.582869","level":"info","event":"Filling up the DagBag from /home/airflow/.local/lib/python3.12/site-packages/airflow/example_dags/example_asset_alias.py","logger":"airflow.models.dagbag.DagBag"}
{"timestamp":"2025-05-15T17:31:58.572541","level":"info","event":"Filling up the DagBag from /home/airflow/.local/lib/python3.12/site-packages/airflow/example_dags/example_asset_alias.py","logger":"airflow.models.dagbag.DagBag"}
{"timestamp":"2025-05-15T17:32:29.235337","level":"info","event":"Filling up the DagBag from /home/airflow/.local/lib/python3.12/site-packages/airflow/example_dags/example_asset_alias.py","logger":"airflow.models.dagbag.DagBag"}
{"timestamp":"2025-05-15T17:33:00.299237","level":"info","event":"Filling up the DagBag from /home/airflow/.local/lib/python3.12/site-packages/airflow/example_dags/example_asset_alias.py","logger":"airflow.models.dagbag.DagBag"}
{"timestamp":"2025-05-15T17:33:30.694186","level":"info","event":"Filling up the DagBag from /home/airflow/.local/lib/python3.12/site-packages/airflow/example_dags/example_asset_alias.py","logger":"airflow.models.dagbag.DagBag"}
{"timestamp":"2025-05-15T17:34:01.114984","level":"info","event":"Filling up the DagBag from /home/airflow/.local/lib/python3.12/site-packages/airflow/example_dags/example_asset_alias.py","logger":"airflow.models.dagbag.DagBag"}
{"timestamp":"2025-05-15T17:34:52.931751","level":"info","event":"Filling up the DagBag from /home/airflow/.local/lib/python3.12/site-packages/airflow/example_dags/example_asset_alias.py","logger":"airflow.models.dagbag.DagBag"}
{"timestamp":"2025-05-15T17:35:23.805321","level":"info","event":"Filling up the DagBag from /home/airflow/.local/lib/python3.12/site-packages/airflow/example_dags/example_asset_alias.py","logger":"airflow.models.dagbag.DagBag"}
{"timestamp":"2025-05-15T17:37:07.772288","level":"info","event":"Filling up the DagBag from /home/airflow/.local/lib/python3.12/site-packages/airflow/example_dags/example_asset_alias.py","logger":"airflow.models.dagbag.DagBag"}
{"timestamp":"2025-05-15T17:37:39.053369","level":"info","event":"Filling up the DagBag from /home/airflow/.local/lib/python3.12/site-packages/airflow/example_dags/example_asset_alias.py","logger":"airflow.models.dagbag.DagBag"}
{"timestamp":"2025-05-15T17:38:11.564796","level":"info","event":"Filling up the DagBag from /home/airflow/.local/lib/python3.12/site-packages/airflow/example_dags/example_asset_alias.py","logger":"airflow.models.dagbag.DagBag"}
{"timestamp":"2025-05-15T17:38:42.220399","level":"info","event":"Filling up the DagBag from /home/airflow/.local/lib/python3.12/site-packages/airflow/example_dags/example_asset_alias.py","logger":"airflow.models.dagbag.DagBag"}
{"timestamp":"2025-05-15T17:39:12.961351","level":"info","event":"Filling up the DagBag from /home/airflow/.local/lib/python3.12/site-packages/airflow/example_dags/example_asset_alias.py","logger":"airflow.models.dagbag.DagBag"}
{"timestamp":"2025-05-15T17:39:43.570880","level":"info","event":"Filling up the DagBag from /home/airflow/.local/lib/python3.12/site-packages/airflow/example_dags/example_asset_alias.py","logger":"airflow.models.dagbag.DagBag"}
{"timestamp":"2025-05-15T17:40:14.218208","level":"info","event":"Filling up the DagBag from /home/airflow/.local/lib/python3.12/site-packages/airflow/example_dags/example_asset_alias.py","logger":"airflow.models.dagbag.DagBag"}
{"timestamp":"2025-05-15T17:41:17.964465","level":"info","event":"Filling up the DagBag from /home/airflow/.local/lib/python3.12/site-packages/airflow/example_dags/example_asset_alias.py","logger":"airflow.models.dagbag.DagBag"}
{"timestamp":"2025-05-15T17:43:15.854931","level":"info","event":"Filling up the DagBag from /home/airflow/.local/lib/python3.12/site-packages/airflow/example_dags/example_asset_alias.py","logger":"airflow.models.dagbag.DagBag"}
{"timestamp":"2025-05-15T17:43:46.356232","level":"info","event":"Filling up the DagBag from /home/airflow/.local/lib/python3.12/site-packages/airflow/example_dags/example_asset_alias.py","logger":"airflow.models.dagbag.DagBag"}
{"timestamp":"2025-05-15T17:44:34.870938","level":"info","event":"Filling up the DagBag from /home/airflow/.local/lib/python3.12/site-packages/airflow/example_dags/example_asset_alias.py","logger":"airflow.models.dagbag.DagBag"}
{"timestamp":"2025-05-15T17:45:05.217549","level":"info","event":"Filling up the DagBag from /home/airflow/.local/lib/python3.12/site-packages/airflow/example_dags/example_asset_alias.py","logger":"airflow.models.dagbag.DagBag"}
{"timestamp":"2025-05-15T17:45:35.680111","level":"info","event":"Filling up the DagBag from /home/airflow/.local/lib/python3.12/site-packages/airflow/example_dags/example_asset_alias.py","logger":"airflow.models.dagbag.DagBag"}
{"timestamp":"2025-05-15T17:46:06.598565","level":"info","event":"Filling up the DagBag from /home/airflow/.local/lib/python3.12/site-packages/airflow/example_dags/example_asset_alias.py","logger":"airflow.models.dagbag.DagBag"}
{"timestamp":"2025-05-15T17:46:38.876647","level":"info","event":"Filling up the DagBag from /home/airflow/.local/lib/python3.12/site-packages/airflow/example_dags/example_asset_alias.py","logger":"airflow.models.dagbag.DagBag"}
{"timestamp":"2025-05-15T17:47:10.065111","level":"info","event":"Filling up the DagBag from /home/airflow/.local/lib/python3.12/site-packages/airflow/example_dags/example_asset_alias.py","logger":"airflow.models.dagbag.DagBag"}
{"timestamp":"2025-05-15T17:47:40.820179","level":"info","event":"Filling up the DagBag from /home/airflow/.local/lib/python3.12/site-packages/airflow/example_dags/example_asset_alias.py","logger":"airflow.models.dagbag.DagBag"}
{"timestamp":"2025-05-15T17:48:11.469566","level":"info","event":"Filling up the DagBag from /home/airflow/.local/lib/python3.12/site-packages/airflow/example_dags/example_asset_alias.py","logger":"airflow.models.dagbag.DagBag"}
{"timestamp":"2025-05-15T17:48:42.311107","level":"info","event":"Filling up the DagBag from /home/airflow/.local/lib/python3.12/site-packages/airflow/example_dags/example_asset_alias.py","logger":"airflow.models.dagbag.DagBag"}
{"timestamp":"2025-05-15T17:49:13.565794","level":"info","event":"Filling up the DagBag from /home/airflow/.local/lib/python3.12/site-packages/airflow/example_dags/example_asset_alias.py","logger":"airflow.models.dagbag.DagBag"}
{"timestamp":"2025-05-15T17:49:55.010857","level":"info","event":"Filling up the DagBag from /home/airflow/.local/lib/python3.12/site-packages/airflow/example_dags/example_asset_alias.py","logger":"airflow.models.dagbag.DagBag"}
{"timestamp":"2025-05-15T17:50:25.868803","level":"info","event":"Filling up the DagBag from /home/airflow/.local/lib/python3.12/site-packages/airflow/example_dags/example_asset_alias.py","logger":"airflow.models.dagbag.DagBag"}
{"timestamp":"2025-05-15T17:51:06.759980","level":"info","event":"Filling up the DagBag from /home/airflow/.local/lib/python3.12/site-packages/airflow/example_dags/example_asset_alias.py","logger":"airflow.models.dagbag.DagBag"}
{"timestamp":"2025-05-15T17:51:38.096346","level":"info","event":"Filling up the DagBag from /home/airflow/.local/lib/python3.12/site-packages/airflow/example_dags/example_asset_alias.py","logger":"airflow.models.dagbag.DagBag"}
{"timestamp":"2025-05-15T17:52:25.493020","level":"info","event":"Filling up the DagBag from /home/airflow/.local/lib/python3.12/site-packages/airflow/example_dags/example_asset_alias.py","logger":"airflow.models.dagbag.DagBag"}
{"timestamp":"2025-05-15T17:53:05.449734","level":"info","event":"Filling up the DagBag from /home/airflow/.local/lib/python3.12/site-packages/airflow/example_dags/example_asset_alias.py","logger":"airflow.models.dagbag.DagBag"}
{"timestamp":"2025-05-15T17:53:55.063578","level":"info","event":"Filling up the DagBag from /home/airflow/.local/lib/python3.12/site-packages/airflow/example_dags/example_asset_alias.py","logger":"airflow.models.dagbag.DagBag"}
{"timestamp":"2025-05-15T17:54:28.660308","level":"info","event":"Filling up the DagBag from /home/airflow/.local/lib/python3.12/site-packages/airflow/example_dags/example_asset_alias.py","logger":"airflow.models.dagbag.DagBag"}
{"timestamp":"2025-05-15T17:54:59.692467","level":"info","event":"Filling up the DagBag from /home/airflow/.local/lib/python3.12/site-packages/airflow/example_dags/example_asset_alias.py","logger":"airflow.models.dagbag.DagBag"}
{"timestamp":"2025-05-15T17:55:30.647238","level":"info","event":"Filling up the DagBag from /home/airflow/.local/lib/python3.12/site-packages/airflow/example_dags/example_asset_alias.py","logger":"airflow.models.dagbag.DagBag"}
{"timestamp":"2025-05-15T17:56:01.639408","level":"info","event":"Filling up the DagBag from /home/airflow/.local/lib/python3.12/site-packages/airflow/example_dags/example_asset_alias.py","logger":"airflow.models.dagbag.DagBag"}
{"timestamp":"2025-05-15T17:56:32.627327","level":"info","event":"Filling up the DagBag from /home/airflow/.local/lib/python3.12/site-packages/airflow/example_dags/example_asset_alias.py","logger":"airflow.models.dagbag.DagBag"}
{"timestamp":"2025-05-15T17:57:03.019769","level":"info","event":"Filling up the DagBag from /home/airflow/.local/lib/python3.12/site-packages/airflow/example_dags/example_asset_alias.py","logger":"airflow.models.dagbag.DagBag"}
{"timestamp":"2025-05-15T17:57:33.689712","level":"info","event":"Filling up the DagBag from /home/airflow/.local/lib/python3.12/site-packages/airflow/example_dags/example_asset_alias.py","logger":"airflow.models.dagbag.DagBag"}
