{"timestamp":"2025-05-15T17:07:19.479270","level":"info","event":"Filling up the DagBag from /home/airflow/.local/lib/python3.12/site-packages/airflow/example_dags/example_asset_with_watchers.py","logger":"airflow.models.dagbag.DagBag"}
{"timestamp":"2025-05-15T17:07:53.785815","level":"info","event":"Filling up the DagBag from /home/airflow/.local/lib/python3.12/site-packages/airflow/example_dags/example_asset_with_watchers.py","logger":"airflow.models.dagbag.DagBag"}
{"timestamp":"2025-05-15T17:08:26.458835","level":"info","event":"Filling up the DagBag from /home/airflow/.local/lib/python3.12/site-packages/airflow/example_dags/example_asset_with_watchers.py","logger":"airflow.models.dagbag.DagBag"}
{"timestamp":"2025-05-15T17:09:00.442090","level":"info","event":"Filling up the DagBag from /home/airflow/.local/lib/python3.12/site-packages/airflow/example_dags/example_asset_with_watchers.py","logger":"airflow.models.dagbag.DagBag"}
{"timestamp":"2025-05-15T17:09:31.559777","level":"info","event":"Filling up the DagBag from /home/airflow/.local/lib/python3.12/site-packages/airflow/example_dags/example_asset_with_watchers.py","logger":"airflow.models.dagbag.DagBag"}
{"timestamp":"2025-05-15T17:10:24.132025Z","level":"critical","event":"Process terminated by signal. For more information, see https://airflow.apache.org/docs/apache-airflow/stable/troubleshooting.html#TaskRunner-killed","signal":-9,"signal_name":"SIGKILL","logger":"processor"}
{"timestamp":"2025-05-15T17:12:10.523058","level":"info","event":"Filling up the DagBag from /home/airflow/.local/lib/python3.12/site-packages/airflow/example_dags/example_asset_with_watchers.py","logger":"airflow.models.dagbag.DagBag"}
{"timestamp":"2025-05-15T17:12:41.643052","level":"info","event":"Filling up the DagBag from /home/airflow/.local/lib/python3.12/site-packages/airflow/example_dags/example_asset_with_watchers.py","logger":"airflow.models.dagbag.DagBag"}
{"timestamp":"2025-05-15T17:13:12.701340","level":"info","event":"Filling up the DagBag from /home/airflow/.local/lib/python3.12/site-packages/airflow/example_dags/example_asset_with_watchers.py","logger":"airflow.models.dagbag.DagBag"}
{"timestamp":"2025-05-15T17:13:43.297680","level":"info","event":"Filling up the DagBag from /home/airflow/.local/lib/python3.12/site-packages/airflow/example_dags/example_asset_with_watchers.py","logger":"airflow.models.dagbag.DagBag"}
{"timestamp":"2025-05-15T17:14:13.550606","level":"info","event":"Filling up the DagBag from /home/airflow/.local/lib/python3.12/site-packages/airflow/example_dags/example_asset_with_watchers.py","logger":"airflow.models.dagbag.DagBag"}
{"timestamp":"2025-05-15T17:14:44.084566","level":"info","event":"Filling up the DagBag from /home/airflow/.local/lib/python3.12/site-packages/airflow/example_dags/example_asset_with_watchers.py","logger":"airflow.models.dagbag.DagBag"}
{"timestamp":"2025-05-15T17:15:15.289029","level":"info","event":"Filling up the DagBag from /home/airflow/.local/lib/python3.12/site-packages/airflow/example_dags/example_asset_with_watchers.py","logger":"airflow.models.dagbag.DagBag"}
{"timestamp":"2025-05-15T17:15:46.787329","level":"info","event":"Filling up the DagBag from /home/airflow/.local/lib/python3.12/site-packages/airflow/example_dags/example_asset_with_watchers.py","logger":"airflow.models.dagbag.DagBag"}
{"timestamp":"2025-05-15T17:16:17.731912","level":"info","event":"Filling up the DagBag from /home/airflow/.local/lib/python3.12/site-packages/airflow/example_dags/example_asset_with_watchers.py","logger":"airflow.models.dagbag.DagBag"}
{"timestamp":"2025-05-15T17:16:48.188091","level":"info","event":"Filling up the DagBag from /home/airflow/.local/lib/python3.12/site-packages/airflow/example_dags/example_asset_with_watchers.py","logger":"airflow.models.dagbag.DagBag"}
{"timestamp":"2025-05-15T17:17:18.791819","level":"info","event":"Filling up the DagBag from /home/airflow/.local/lib/python3.12/site-packages/airflow/example_dags/example_asset_with_watchers.py","logger":"airflow.models.dagbag.DagBag"}
{"timestamp":"2025-05-15T17:17:49.899437","level":"info","event":"Filling up the DagBag from /home/airflow/.local/lib/python3.12/site-packages/airflow/example_dags/example_asset_with_watchers.py","logger":"airflow.models.dagbag.DagBag"}
{"timestamp":"2025-05-15T17:18:20.332118","level":"info","event":"Filling up the DagBag from /home/airflow/.local/lib/python3.12/site-packages/airflow/example_dags/example_asset_with_watchers.py","logger":"airflow.models.dagbag.DagBag"}
{"timestamp":"2025-05-15T17:18:52.061633","level":"info","event":"Filling up the DagBag from /home/airflow/.local/lib/python3.12/site-packages/airflow/example_dags/example_asset_with_watchers.py","logger":"airflow.models.dagbag.DagBag"}
{"timestamp":"2025-05-15T17:19:23.062343","level":"info","event":"Filling up the DagBag from /home/airflow/.local/lib/python3.12/site-packages/airflow/example_dags/example_asset_with_watchers.py","logger":"airflow.models.dagbag.DagBag"}
{"timestamp":"2025-05-15T17:19:54.089241","level":"info","event":"Filling up the DagBag from /home/airflow/.local/lib/python3.12/site-packages/airflow/example_dags/example_asset_with_watchers.py","logger":"airflow.models.dagbag.DagBag"}
{"timestamp":"2025-05-15T17:20:25.453714","level":"info","event":"Filling up the DagBag from /home/airflow/.local/lib/python3.12/site-packages/airflow/example_dags/example_asset_with_watchers.py","logger":"airflow.models.dagbag.DagBag"}
{"timestamp":"2025-05-15T17:20:55.855992","level":"info","event":"Filling up the DagBag from /home/airflow/.local/lib/python3.12/site-packages/airflow/example_dags/example_asset_with_watchers.py","logger":"airflow.models.dagbag.DagBag"}
{"timestamp":"2025-05-15T17:21:26.878151","level":"info","event":"Filling up the DagBag from /home/airflow/.local/lib/python3.12/site-packages/airflow/example_dags/example_asset_with_watchers.py","logger":"airflow.models.dagbag.DagBag"}
{"timestamp":"2025-05-15T17:21:57.586381","level":"info","event":"Filling up the DagBag from /home/airflow/.local/lib/python3.12/site-packages/airflow/example_dags/example_asset_with_watchers.py","logger":"airflow.models.dagbag.DagBag"}
{"timestamp":"2025-05-15T17:22:28.573986","level":"info","event":"Filling up the DagBag from /home/airflow/.local/lib/python3.12/site-packages/airflow/example_dags/example_asset_with_watchers.py","logger":"airflow.models.dagbag.DagBag"}
{"timestamp":"2025-05-15T17:22:59.446913","level":"info","event":"Filling up the DagBag from /home/airflow/.local/lib/python3.12/site-packages/airflow/example_dags/example_asset_with_watchers.py","logger":"airflow.models.dagbag.DagBag"}
{"timestamp":"2025-05-15T17:23:29.825817","level":"info","event":"Filling up the DagBag from /home/airflow/.local/lib/python3.12/site-packages/airflow/example_dags/example_asset_with_watchers.py","logger":"airflow.models.dagbag.DagBag"}
{"timestamp":"2025-05-15T17:24:01.419275","level":"info","event":"Filling up the DagBag from /home/airflow/.local/lib/python3.12/site-packages/airflow/example_dags/example_asset_with_watchers.py","logger":"airflow.models.dagbag.DagBag"}
{"timestamp":"2025-05-15T17:24:32.065514","level":"info","event":"Filling up the DagBag from /home/airflow/.local/lib/python3.12/site-packages/airflow/example_dags/example_asset_with_watchers.py","logger":"airflow.models.dagbag.DagBag"}
{"timestamp":"2025-05-15T17:25:02.246245","level":"info","event":"Filling up the DagBag from /home/airflow/.local/lib/python3.12/site-packages/airflow/example_dags/example_asset_with_watchers.py","logger":"airflow.models.dagbag.DagBag"}
{"timestamp":"2025-05-15T17:25:32.786925","level":"info","event":"Filling up the DagBag from /home/airflow/.local/lib/python3.12/site-packages/airflow/example_dags/example_asset_with_watchers.py","logger":"airflow.models.dagbag.DagBag"}
{"timestamp":"2025-05-15T17:26:03.711654","level":"info","event":"Filling up the DagBag from /home/airflow/.local/lib/python3.12/site-packages/airflow/example_dags/example_asset_with_watchers.py","logger":"airflow.models.dagbag.DagBag"}
{"timestamp":"2025-05-15T17:26:34.171152","level":"info","event":"Filling up the DagBag from /home/airflow/.local/lib/python3.12/site-packages/airflow/example_dags/example_asset_with_watchers.py","logger":"airflow.models.dagbag.DagBag"}
{"timestamp":"2025-05-15T17:27:05.052634","level":"info","event":"Filling up the DagBag from /home/airflow/.local/lib/python3.12/site-packages/airflow/example_dags/example_asset_with_watchers.py","logger":"airflow.models.dagbag.DagBag"}
{"timestamp":"2025-05-15T17:27:35.463078","level":"info","event":"Filling up the DagBag from /home/airflow/.local/lib/python3.12/site-packages/airflow/example_dags/example_asset_with_watchers.py","logger":"airflow.models.dagbag.DagBag"}
{"timestamp":"2025-05-15T17:28:06.481380","level":"info","event":"Filling up the DagBag from /home/airflow/.local/lib/python3.12/site-packages/airflow/example_dags/example_asset_with_watchers.py","logger":"airflow.models.dagbag.DagBag"}
{"timestamp":"2025-05-15T17:28:36.691576","level":"info","event":"Filling up the DagBag from /home/airflow/.local/lib/python3.12/site-packages/airflow/example_dags/example_asset_with_watchers.py","logger":"airflow.models.dagbag.DagBag"}
{"timestamp":"2025-05-15T17:29:06.835427","level":"info","event":"Filling up the DagBag from /home/airflow/.local/lib/python3.12/site-packages/airflow/example_dags/example_asset_with_watchers.py","logger":"airflow.models.dagbag.DagBag"}
{"timestamp":"2025-05-15T17:29:37.718298","level":"info","event":"Filling up the DagBag from /home/airflow/.local/lib/python3.12/site-packages/airflow/example_dags/example_asset_with_watchers.py","logger":"airflow.models.dagbag.DagBag"}
{"timestamp":"2025-05-15T17:30:08.345566","level":"info","event":"Filling up the DagBag from /home/airflow/.local/lib/python3.12/site-packages/airflow/example_dags/example_asset_with_watchers.py","logger":"airflow.models.dagbag.DagBag"}
{"timestamp":"2025-05-15T17:30:39.383064","level":"info","event":"Filling up the DagBag from /home/airflow/.local/lib/python3.12/site-packages/airflow/example_dags/example_asset_with_watchers.py","logger":"airflow.models.dagbag.DagBag"}
{"timestamp":"2025-05-15T17:31:09.630736","level":"info","event":"Filling up the DagBag from /home/airflow/.local/lib/python3.12/site-packages/airflow/example_dags/example_asset_with_watchers.py","logger":"airflow.models.dagbag.DagBag"}
{"timestamp":"2025-05-15T17:31:40.464013","level":"info","event":"Filling up the DagBag from /home/airflow/.local/lib/python3.12/site-packages/airflow/example_dags/example_asset_with_watchers.py","logger":"airflow.models.dagbag.DagBag"}
{"timestamp":"2025-05-15T17:32:12.562129","level":"info","event":"Filling up the DagBag from /home/airflow/.local/lib/python3.12/site-packages/airflow/example_dags/example_asset_with_watchers.py","logger":"airflow.models.dagbag.DagBag"}
{"timestamp":"2025-05-15T17:32:43.252114","level":"info","event":"Filling up the DagBag from /home/airflow/.local/lib/python3.12/site-packages/airflow/example_dags/example_asset_with_watchers.py","logger":"airflow.models.dagbag.DagBag"}
{"timestamp":"2025-05-15T17:33:13.808721","level":"info","event":"Filling up the DagBag from /home/airflow/.local/lib/python3.12/site-packages/airflow/example_dags/example_asset_with_watchers.py","logger":"airflow.models.dagbag.DagBag"}
{"timestamp":"2025-05-15T17:33:44.326766","level":"info","event":"Filling up the DagBag from /home/airflow/.local/lib/python3.12/site-packages/airflow/example_dags/example_asset_with_watchers.py","logger":"airflow.models.dagbag.DagBag"}
{"timestamp":"2025-05-15T17:34:15.077013","level":"info","event":"Filling up the DagBag from /home/airflow/.local/lib/python3.12/site-packages/airflow/example_dags/example_asset_with_watchers.py","logger":"airflow.models.dagbag.DagBag"}
{"timestamp":"2025-05-15T17:34:56.415029","level":"info","event":"Filling up the DagBag from /home/airflow/.local/lib/python3.12/site-packages/airflow/example_dags/example_asset_with_watchers.py","logger":"airflow.models.dagbag.DagBag"}
{"timestamp":"2025-05-15T17:35:31.117949","level":"info","event":"Filling up the DagBag from /home/airflow/.local/lib/python3.12/site-packages/airflow/example_dags/example_asset_with_watchers.py","logger":"airflow.models.dagbag.DagBag"}
{"timestamp":"2025-05-15T17:37:12.774258","level":"info","event":"Filling up the DagBag from /home/airflow/.local/lib/python3.12/site-packages/airflow/example_dags/example_asset_with_watchers.py","logger":"airflow.models.dagbag.DagBag"}
{"timestamp":"2025-05-15T17:37:44.126038","level":"info","event":"Filling up the DagBag from /home/airflow/.local/lib/python3.12/site-packages/airflow/example_dags/example_asset_with_watchers.py","logger":"airflow.models.dagbag.DagBag"}
{"timestamp":"2025-05-15T17:38:14.583612","level":"info","event":"Filling up the DagBag from /home/airflow/.local/lib/python3.12/site-packages/airflow/example_dags/example_asset_with_watchers.py","logger":"airflow.models.dagbag.DagBag"}
{"timestamp":"2025-05-15T17:38:45.066122","level":"info","event":"Filling up the DagBag from /home/airflow/.local/lib/python3.12/site-packages/airflow/example_dags/example_asset_with_watchers.py","logger":"airflow.models.dagbag.DagBag"}
{"timestamp":"2025-05-15T17:39:16.567687","level":"info","event":"Filling up the DagBag from /home/airflow/.local/lib/python3.12/site-packages/airflow/example_dags/example_asset_with_watchers.py","logger":"airflow.models.dagbag.DagBag"}
{"timestamp":"2025-05-15T17:39:47.072491","level":"info","event":"Filling up the DagBag from /home/airflow/.local/lib/python3.12/site-packages/airflow/example_dags/example_asset_with_watchers.py","logger":"airflow.models.dagbag.DagBag"}
{"timestamp":"2025-05-15T17:40:37.245489","level":"info","event":"Filling up the DagBag from /home/airflow/.local/lib/python3.12/site-packages/airflow/example_dags/example_asset_with_watchers.py","logger":"airflow.models.dagbag.DagBag"}
{"timestamp":"2025-05-15T17:41:08.850382","level":"error","event":"Process timed out, PID: 2637","logger":"airflow.utils.timeout.TimeoutPosix"}
{"timestamp":"2025-05-15T17:41:12.035163Z","level":"error","event":"Exception ignored in: <function _collection_gced at 0x7f25a040c4a0>","chan":"stderr","logger":"processor"}
{"timestamp":"2025-05-15T17:41:12.035712Z","level":"error","event":"Traceback (most recent call last):","chan":"stderr","logger":"processor"}
{"timestamp":"2025-05-15T17:41:12.036147Z","level":"error","event":"  File \"/home/airflow/.local/lib/python3.12/site-packages/sqlalchemy/event/registry.py\", line 53, in _collection_gced","chan":"stderr","logger":"processor"}
{"timestamp":"2025-05-15T17:41:12.036675Z","level":"error","event":"    def _collection_gced(ref):","chan":"stderr","logger":"processor"}
{"timestamp":"2025-05-15T17:41:12.037101Z","level":"error","event":"","chan":"stderr","logger":"processor"}
{"timestamp":"2025-05-15T17:41:12.037672Z","level":"error","event":"  File \"/home/airflow/.local/lib/python3.12/site-packages/airflow/utils/timeout.py\", line 69, in handle_timeout","chan":"stderr","logger":"processor"}
{"timestamp":"2025-05-15T17:41:12.039122Z","level":"error","event":"    raise AirflowTaskTimeout(self.error_message)","chan":"stderr","logger":"processor"}
{"timestamp":"2025-05-15T17:41:12.039708Z","level":"error","event":"airflow.exceptions.AirflowTaskTimeout: DagBag import timeout for /home/airflow/.local/lib/python3.12/site-packages/airflow/example_dags/example_asset_with_watchers.py after 30.0s.","chan":"stderr","logger":"processor"}
{"timestamp":"2025-05-15T17:41:12.040115Z","level":"error","event":"Please take a look at these docs to improve your DAG import time:","chan":"stderr","logger":"processor"}
{"timestamp":"2025-05-15T17:41:12.040683Z","level":"error","event":"* https://airflow.apache.org/docs/apache-airflow/3.0.1/best-practices.html#top-level-python-code","chan":"stderr","logger":"processor"}
{"timestamp":"2025-05-15T17:41:12.041084Z","level":"error","event":"* https://airflow.apache.org/docs/apache-airflow/3.0.1/best-practices.html#reducing-dag-complexity, PID: 2637","chan":"stderr","logger":"processor"}
{"timestamp":"2025-05-15T17:41:42.495057","level":"info","event":"Filling up the DagBag from /home/airflow/.local/lib/python3.12/site-packages/airflow/example_dags/example_asset_with_watchers.py","logger":"airflow.models.dagbag.DagBag"}
{"timestamp":"2025-05-15T17:43:18.842788","level":"info","event":"Filling up the DagBag from /home/airflow/.local/lib/python3.12/site-packages/airflow/example_dags/example_asset_with_watchers.py","logger":"airflow.models.dagbag.DagBag"}
{"timestamp":"2025-05-15T17:43:49.953850","level":"info","event":"Filling up the DagBag from /home/airflow/.local/lib/python3.12/site-packages/airflow/example_dags/example_asset_with_watchers.py","logger":"airflow.models.dagbag.DagBag"}
{"timestamp":"2025-05-15T17:44:32.034747","level":"info","event":"Filling up the DagBag from /home/airflow/.local/lib/python3.12/site-packages/airflow/example_dags/example_asset_with_watchers.py","logger":"airflow.models.dagbag.DagBag"}
{"timestamp":"2025-05-15T17:45:03.614335","level":"info","event":"Filling up the DagBag from /home/airflow/.local/lib/python3.12/site-packages/airflow/example_dags/example_asset_with_watchers.py","logger":"airflow.models.dagbag.DagBag"}
{"timestamp":"2025-05-15T17:45:34.011894","level":"info","event":"Filling up the DagBag from /home/airflow/.local/lib/python3.12/site-packages/airflow/example_dags/example_asset_with_watchers.py","logger":"airflow.models.dagbag.DagBag"}
{"timestamp":"2025-05-15T17:46:04.923193","level":"info","event":"Filling up the DagBag from /home/airflow/.local/lib/python3.12/site-packages/airflow/example_dags/example_asset_with_watchers.py","logger":"airflow.models.dagbag.DagBag"}
{"timestamp":"2025-05-15T17:46:36.653085","level":"info","event":"Filling up the DagBag from /home/airflow/.local/lib/python3.12/site-packages/airflow/example_dags/example_asset_with_watchers.py","logger":"airflow.models.dagbag.DagBag"}
{"timestamp":"2025-05-15T17:47:08.731783","level":"info","event":"Filling up the DagBag from /home/airflow/.local/lib/python3.12/site-packages/airflow/example_dags/example_asset_with_watchers.py","logger":"airflow.models.dagbag.DagBag"}
{"timestamp":"2025-05-15T17:47:39.071598","level":"info","event":"Filling up the DagBag from /home/airflow/.local/lib/python3.12/site-packages/airflow/example_dags/example_asset_with_watchers.py","logger":"airflow.models.dagbag.DagBag"}
{"timestamp":"2025-05-15T17:48:09.687417","level":"info","event":"Filling up the DagBag from /home/airflow/.local/lib/python3.12/site-packages/airflow/example_dags/example_asset_with_watchers.py","logger":"airflow.models.dagbag.DagBag"}
{"timestamp":"2025-05-15T17:48:40.218989","level":"info","event":"Filling up the DagBag from /home/airflow/.local/lib/python3.12/site-packages/airflow/example_dags/example_asset_with_watchers.py","logger":"airflow.models.dagbag.DagBag"}
{"timestamp":"2025-05-15T17:49:10.733960","level":"info","event":"Filling up the DagBag from /home/airflow/.local/lib/python3.12/site-packages/airflow/example_dags/example_asset_with_watchers.py","logger":"airflow.models.dagbag.DagBag"}
{"timestamp":"2025-05-15T17:49:52.148866","level":"info","event":"Filling up the DagBag from /home/airflow/.local/lib/python3.12/site-packages/airflow/example_dags/example_asset_with_watchers.py","logger":"airflow.models.dagbag.DagBag"}
{"timestamp":"2025-05-15T17:50:23.181669","level":"info","event":"Filling up the DagBag from /home/airflow/.local/lib/python3.12/site-packages/airflow/example_dags/example_asset_with_watchers.py","logger":"airflow.models.dagbag.DagBag"}
{"timestamp":"2025-05-15T17:51:05.030541","level":"info","event":"Filling up the DagBag from /home/airflow/.local/lib/python3.12/site-packages/airflow/example_dags/example_asset_with_watchers.py","logger":"airflow.models.dagbag.DagBag"}
{"timestamp":"2025-05-15T17:51:36.223104","level":"info","event":"Filling up the DagBag from /home/airflow/.local/lib/python3.12/site-packages/airflow/example_dags/example_asset_with_watchers.py","logger":"airflow.models.dagbag.DagBag"}
{"timestamp":"2025-05-15T17:52:22.679471","level":"info","event":"Filling up the DagBag from /home/airflow/.local/lib/python3.12/site-packages/airflow/example_dags/example_asset_with_watchers.py","logger":"airflow.models.dagbag.DagBag"}
{"timestamp":"2025-05-15T17:52:53.833256","level":"info","event":"Filling up the DagBag from /home/airflow/.local/lib/python3.12/site-packages/airflow/example_dags/example_asset_with_watchers.py","logger":"airflow.models.dagbag.DagBag"}
{"timestamp":"2025-05-15T17:53:24.621814","level":"error","event":"Process timed out, PID: 746","logger":"airflow.utils.timeout.TimeoutPosix"}
{"timestamp":"2025-05-15T17:53:24.726369Z","level":"error","event":"Exception ignored in: <function _collection_gced at 0x7fd481bf44a0>","chan":"stderr","logger":"processor"}
{"timestamp":"2025-05-15T17:53:24.726893Z","level":"error","event":"Traceback (most recent call last):","chan":"stderr","logger":"processor"}
{"timestamp":"2025-05-15T17:53:24.727264Z","level":"error","event":"  File \"/home/airflow/.local/lib/python3.12/site-packages/sqlalchemy/event/registry.py\", line 53, in _collection_gced","chan":"stderr","logger":"processor"}
{"timestamp":"2025-05-15T17:53:24.728917Z","level":"error","event":"    def _collection_gced(ref):","chan":"stderr","logger":"processor"}
{"timestamp":"2025-05-15T17:53:24.729779Z","level":"error","event":"","chan":"stderr","logger":"processor"}
{"timestamp":"2025-05-15T17:53:24.731283Z","level":"error","event":"  File \"/home/airflow/.local/lib/python3.12/site-packages/airflow/utils/timeout.py\", line 69, in handle_timeout","chan":"stderr","logger":"processor"}
{"timestamp":"2025-05-15T17:53:24.732815Z","level":"error","event":"    raise AirflowTaskTimeout(self.error_message)","chan":"stderr","logger":"processor"}
{"timestamp":"2025-05-15T17:53:24.733454Z","level":"error","event":"airflow.exceptions.AirflowTaskTimeout: DagBag import timeout for /home/airflow/.local/lib/python3.12/site-packages/airflow/example_dags/example_asset_with_watchers.py after 30.0s.","chan":"stderr","logger":"processor"}
{"timestamp":"2025-05-15T17:53:24.733902Z","level":"error","event":"Please take a look at these docs to improve your DAG import time:","chan":"stderr","logger":"processor"}
{"timestamp":"2025-05-15T17:53:24.734287Z","level":"error","event":"* https://airflow.apache.org/docs/apache-airflow/3.0.1/best-practices.html#top-level-python-code","chan":"stderr","logger":"processor"}
{"timestamp":"2025-05-15T17:53:24.734657Z","level":"error","event":"* https://airflow.apache.org/docs/apache-airflow/3.0.1/best-practices.html#reducing-dag-complexity, PID: 746","chan":"stderr","logger":"processor"}
{"timestamp":"2025-05-15T17:53:55.057846","level":"info","event":"Filling up the DagBag from /home/airflow/.local/lib/python3.12/site-packages/airflow/example_dags/example_asset_with_watchers.py","logger":"airflow.models.dagbag.DagBag"}
{"timestamp":"2025-05-15T17:54:27.198360","level":"info","event":"Filling up the DagBag from /home/airflow/.local/lib/python3.12/site-packages/airflow/example_dags/example_asset_with_watchers.py","logger":"airflow.models.dagbag.DagBag"}
{"timestamp":"2025-05-15T17:54:58.655740","level":"info","event":"Filling up the DagBag from /home/airflow/.local/lib/python3.12/site-packages/airflow/example_dags/example_asset_with_watchers.py","logger":"airflow.models.dagbag.DagBag"}
{"timestamp":"2025-05-15T17:55:29.601054","level":"info","event":"Filling up the DagBag from /home/airflow/.local/lib/python3.12/site-packages/airflow/example_dags/example_asset_with_watchers.py","logger":"airflow.models.dagbag.DagBag"}
{"timestamp":"2025-05-15T17:56:00.820246","level":"info","event":"Filling up the DagBag from /home/airflow/.local/lib/python3.12/site-packages/airflow/example_dags/example_asset_with_watchers.py","logger":"airflow.models.dagbag.DagBag"}
{"timestamp":"2025-05-15T17:56:31.669323","level":"info","event":"Filling up the DagBag from /home/airflow/.local/lib/python3.12/site-packages/airflow/example_dags/example_asset_with_watchers.py","logger":"airflow.models.dagbag.DagBag"}
{"timestamp":"2025-05-15T17:57:02.249427","level":"info","event":"Filling up the DagBag from /home/airflow/.local/lib/python3.12/site-packages/airflow/example_dags/example_asset_with_watchers.py","logger":"airflow.models.dagbag.DagBag"}
{"timestamp":"2025-05-15T17:57:33.134209","level":"info","event":"Filling up the DagBag from /home/airflow/.local/lib/python3.12/site-packages/airflow/example_dags/example_asset_with_watchers.py","logger":"airflow.models.dagbag.DagBag"}
