{"timestamp":"2025-05-13T04:30:03.315605","level":"info","event":"Filling up the DagBag from /home/airflow/.local/lib/python3.12/site-packages/airflow/example_dags/example_asset_decorator.py","logger":"airflow.models.dagbag.DagBag"}
{"timestamp":"2025-05-13T04:30:33.894694","level":"info","event":"Filling up the DagBag from /home/airflow/.local/lib/python3.12/site-packages/airflow/example_dags/example_asset_decorator.py","logger":"airflow.models.dagbag.DagBag"}
{"timestamp":"2025-05-13T04:31:05.813672","level":"info","event":"Filling up the DagBag from /home/airflow/.local/lib/python3.12/site-packages/airflow/example_dags/example_asset_decorator.py","logger":"airflow.models.dagbag.DagBag"}
{"timestamp":"2025-05-13T04:31:57.378992","level":"info","event":"Filling up the DagBag from /home/airflow/.local/lib/python3.12/site-packages/airflow/example_dags/example_asset_decorator.py","logger":"airflow.models.dagbag.DagBag"}
{"timestamp":"2025-05-13T04:33:43.742353","level":"info","event":"Filling up the DagBag from /home/airflow/.local/lib/python3.12/site-packages/airflow/example_dags/example_asset_decorator.py","logger":"airflow.models.dagbag.DagBag"}
{"timestamp":"2025-05-13T04:34:14.234442","level":"info","event":"Filling up the DagBag from /home/airflow/.local/lib/python3.12/site-packages/airflow/example_dags/example_asset_decorator.py","logger":"airflow.models.dagbag.DagBag"}
{"timestamp":"2025-05-13T04:35:19.398305","level":"info","event":"Filling up the DagBag from /home/airflow/.local/lib/python3.12/site-packages/airflow/example_dags/example_asset_decorator.py","logger":"airflow.models.dagbag.DagBag"}
{"timestamp":"2025-05-13T04:36:12.957872","level":"info","event":"Filling up the DagBag from /home/airflow/.local/lib/python3.12/site-packages/airflow/example_dags/example_asset_decorator.py","logger":"airflow.models.dagbag.DagBag"}
{"timestamp":"2025-05-13T04:36:43.497362","level":"info","event":"Filling up the DagBag from /home/airflow/.local/lib/python3.12/site-packages/airflow/example_dags/example_asset_decorator.py","logger":"airflow.models.dagbag.DagBag"}
{"timestamp":"2025-05-13T04:41:22.413288","level":"info","event":"Filling up the DagBag from /home/airflow/.local/lib/python3.12/site-packages/airflow/example_dags/example_asset_decorator.py","logger":"airflow.models.dagbag.DagBag"}
{"timestamp":"2025-05-13T04:41:54.084797","level":"error","event":"Process timed out, PID: 39","logger":"airflow.utils.timeout.TimeoutPosix"}
{"timestamp":"2025-05-13T04:41:54.137798Z","level":"error","event":"Exception ignored in: <function _collection_gced at 0x7f2eaa3004a0>","chan":"stderr","logger":"processor"}
{"timestamp":"2025-05-13T04:41:54.138388Z","level":"error","event":"Traceback (most recent call last):","chan":"stderr","logger":"processor"}
{"timestamp":"2025-05-13T04:41:54.138916Z","level":"error","event":"  File \"/home/airflow/.local/lib/python3.12/site-packages/sqlalchemy/event/registry.py\", line 53, in _collection_gced","chan":"stderr","logger":"processor"}
{"timestamp":"2025-05-13T04:41:54.139502Z","level":"error","event":"    def _collection_gced(ref):","chan":"stderr","logger":"processor"}
{"timestamp":"2025-05-13T04:41:54.143064Z","level":"error","event":"","chan":"stderr","logger":"processor"}
{"timestamp":"2025-05-13T04:41:54.143885Z","level":"error","event":"  File \"/home/airflow/.local/lib/python3.12/site-packages/airflow/utils/timeout.py\", line 69, in handle_timeout","chan":"stderr","logger":"processor"}
{"timestamp":"2025-05-13T04:41:54.145483Z","level":"error","event":"    raise AirflowTaskTimeout(self.error_message)","chan":"stderr","logger":"processor"}
{"timestamp":"2025-05-13T04:41:54.146512Z","level":"error","event":"airflow.exceptions.AirflowTaskTimeout: DagBag import timeout for /home/airflow/.local/lib/python3.12/site-packages/airflow/example_dags/example_asset_decorator.py after 30.0s.","chan":"stderr","logger":"processor"}
{"timestamp":"2025-05-13T04:41:54.147092Z","level":"error","event":"Please take a look at these docs to improve your DAG import time:","chan":"stderr","logger":"processor"}
{"timestamp":"2025-05-13T04:41:54.147640Z","level":"error","event":"* https://airflow.apache.org/docs/apache-airflow/3.0.1/best-practices.html#top-level-python-code","chan":"stderr","logger":"processor"}
{"timestamp":"2025-05-13T04:41:54.148398Z","level":"error","event":"* https://airflow.apache.org/docs/apache-airflow/3.0.1/best-practices.html#reducing-dag-complexity, PID: 39","chan":"stderr","logger":"processor"}
{"timestamp":"2025-05-13T04:42:25.013565","level":"info","event":"Filling up the DagBag from /home/airflow/.local/lib/python3.12/site-packages/airflow/example_dags/example_asset_decorator.py","logger":"airflow.models.dagbag.DagBag"}
{"timestamp":"2025-05-13T04:43:18.845778","level":"info","event":"Filling up the DagBag from /home/airflow/.local/lib/python3.12/site-packages/airflow/example_dags/example_asset_decorator.py","logger":"airflow.models.dagbag.DagBag"}
{"timestamp":"2025-05-13T04:43:49.251318","level":"info","event":"Filling up the DagBag from /home/airflow/.local/lib/python3.12/site-packages/airflow/example_dags/example_asset_decorator.py","logger":"airflow.models.dagbag.DagBag"}
{"timestamp":"2025-05-13T04:44:28.731262","level":"info","event":"Filling up the DagBag from /home/airflow/.local/lib/python3.12/site-packages/airflow/example_dags/example_asset_decorator.py","logger":"airflow.models.dagbag.DagBag"}
{"timestamp":"2025-05-13T04:44:59.649973","level":"info","event":"Filling up the DagBag from /home/airflow/.local/lib/python3.12/site-packages/airflow/example_dags/example_asset_decorator.py","logger":"airflow.models.dagbag.DagBag"}
{"timestamp":"2025-05-13T04:45:29.889528","level":"info","event":"Filling up the DagBag from /home/airflow/.local/lib/python3.12/site-packages/airflow/example_dags/example_asset_decorator.py","logger":"airflow.models.dagbag.DagBag"}
{"timestamp":"2025-05-13T04:46:18.701503","level":"info","event":"Filling up the DagBag from /home/airflow/.local/lib/python3.12/site-packages/airflow/example_dags/example_asset_decorator.py","logger":"airflow.models.dagbag.DagBag"}
{"timestamp":"2025-05-13T04:46:49.692781","level":"info","event":"Filling up the DagBag from /home/airflow/.local/lib/python3.12/site-packages/airflow/example_dags/example_asset_decorator.py","logger":"airflow.models.dagbag.DagBag"}
{"timestamp":"2025-05-13T04:47:24.175263","level":"info","event":"Filling up the DagBag from /home/airflow/.local/lib/python3.12/site-packages/airflow/example_dags/example_asset_decorator.py","logger":"airflow.models.dagbag.DagBag"}
{"timestamp":"2025-05-13T04:48:48.382494","level":"info","event":"Filling up the DagBag from /home/airflow/.local/lib/python3.12/site-packages/airflow/example_dags/example_asset_decorator.py","logger":"airflow.models.dagbag.DagBag"}
{"timestamp":"2025-05-13T04:49:19.445317","level":"info","event":"Filling up the DagBag from /home/airflow/.local/lib/python3.12/site-packages/airflow/example_dags/example_asset_decorator.py","logger":"airflow.models.dagbag.DagBag"}
{"timestamp":"2025-05-13T04:49:50.237395","level":"info","event":"Filling up the DagBag from /home/airflow/.local/lib/python3.12/site-packages/airflow/example_dags/example_asset_decorator.py","logger":"airflow.models.dagbag.DagBag"}
{"timestamp":"2025-05-13T04:50:20.927413","level":"info","event":"Filling up the DagBag from /home/airflow/.local/lib/python3.12/site-packages/airflow/example_dags/example_asset_decorator.py","logger":"airflow.models.dagbag.DagBag"}
{"timestamp":"2025-05-13T04:51:12.184318","level":"info","event":"Filling up the DagBag from /home/airflow/.local/lib/python3.12/site-packages/airflow/example_dags/example_asset_decorator.py","logger":"airflow.models.dagbag.DagBag"}
{"timestamp":"2025-05-13T04:51:43.026436","level":"info","event":"Filling up the DagBag from /home/airflow/.local/lib/python3.12/site-packages/airflow/example_dags/example_asset_decorator.py","logger":"airflow.models.dagbag.DagBag"}
{"timestamp":"2025-05-13T04:53:15.432240","level":"info","event":"Filling up the DagBag from /home/airflow/.local/lib/python3.12/site-packages/airflow/example_dags/example_asset_decorator.py","logger":"airflow.models.dagbag.DagBag"}
{"timestamp":"2025-05-13T04:54:32.044618","level":"info","event":"Filling up the DagBag from /home/airflow/.local/lib/python3.12/site-packages/airflow/example_dags/example_asset_decorator.py","logger":"airflow.models.dagbag.DagBag"}
{"timestamp":"2025-05-13T04:56:02.147943","level":"info","event":"Filling up the DagBag from /home/airflow/.local/lib/python3.12/site-packages/airflow/example_dags/example_asset_decorator.py","logger":"airflow.models.dagbag.DagBag"}
{"timestamp":"2025-05-13T04:56:59.929260","level":"info","event":"Filling up the DagBag from /home/airflow/.local/lib/python3.12/site-packages/airflow/example_dags/example_asset_decorator.py","logger":"airflow.models.dagbag.DagBag"}
{"timestamp":"2025-05-13T04:58:39.495698","level":"info","event":"Filling up the DagBag from /home/airflow/.local/lib/python3.12/site-packages/airflow/example_dags/example_asset_decorator.py","logger":"airflow.models.dagbag.DagBag"}
{"timestamp":"2025-05-13T04:59:10.053836","level":"info","event":"Filling up the DagBag from /home/airflow/.local/lib/python3.12/site-packages/airflow/example_dags/example_asset_decorator.py","logger":"airflow.models.dagbag.DagBag"}
{"timestamp":"2025-05-13T05:00:19.986018","level":"info","event":"Filling up the DagBag from /home/airflow/.local/lib/python3.12/site-packages/airflow/example_dags/example_asset_decorator.py","logger":"airflow.models.dagbag.DagBag"}
{"timestamp":"2025-05-13T05:01:09.066301","level":"info","event":"Filling up the DagBag from /home/airflow/.local/lib/python3.12/site-packages/airflow/example_dags/example_asset_decorator.py","logger":"airflow.models.dagbag.DagBag"}
{"timestamp":"2025-05-13T05:02:09.752751","level":"info","event":"Filling up the DagBag from /home/airflow/.local/lib/python3.12/site-packages/airflow/example_dags/example_asset_decorator.py","logger":"airflow.models.dagbag.DagBag"}
{"timestamp":"2025-05-13T05:03:05.991675","level":"info","event":"Filling up the DagBag from /home/airflow/.local/lib/python3.12/site-packages/airflow/example_dags/example_asset_decorator.py","logger":"airflow.models.dagbag.DagBag"}
{"timestamp":"2025-05-13T05:03:13.757708Z","level":"critical","event":"Process terminated by signal. For more information, see https://airflow.apache.org/docs/apache-airflow/stable/troubleshooting.html#TaskRunner-killed","signal":-9,"signal_name":"SIGKILL","logger":"processor"}
{"timestamp":"2025-05-13T05:05:01.104342","level":"info","event":"Filling up the DagBag from /home/airflow/.local/lib/python3.12/site-packages/airflow/example_dags/example_asset_decorator.py","logger":"airflow.models.dagbag.DagBag"}
{"timestamp":"2025-05-13T05:05:33.852838","level":"info","event":"Filling up the DagBag from /home/airflow/.local/lib/python3.12/site-packages/airflow/example_dags/example_asset_decorator.py","logger":"airflow.models.dagbag.DagBag"}
{"timestamp":"2025-05-13T05:06:17.362631","level":"info","event":"Filling up the DagBag from /home/airflow/.local/lib/python3.12/site-packages/airflow/example_dags/example_asset_decorator.py","logger":"airflow.models.dagbag.DagBag"}
{"timestamp":"2025-05-13T05:07:23.606859","level":"info","event":"Filling up the DagBag from /home/airflow/.local/lib/python3.12/site-packages/airflow/example_dags/example_asset_decorator.py","logger":"airflow.models.dagbag.DagBag"}
{"timestamp":"2025-05-13T05:08:30.115476","level":"info","event":"Filling up the DagBag from /home/airflow/.local/lib/python3.12/site-packages/airflow/example_dags/example_asset_decorator.py","logger":"airflow.models.dagbag.DagBag"}
{"timestamp":"2025-05-13T05:09:00.699793","level":"info","event":"Filling up the DagBag from /home/airflow/.local/lib/python3.12/site-packages/airflow/example_dags/example_asset_decorator.py","logger":"airflow.models.dagbag.DagBag"}
{"timestamp":"2025-05-13T05:09:34.425548","level":"info","event":"Filling up the DagBag from /home/airflow/.local/lib/python3.12/site-packages/airflow/example_dags/example_asset_decorator.py","logger":"airflow.models.dagbag.DagBag"}
{"timestamp":"2025-05-13T08:12:55.831218","level":"info","event":"Filling up the DagBag from /home/airflow/.local/lib/python3.12/site-packages/airflow/example_dags/example_asset_decorator.py","logger":"airflow.models.dagbag.DagBag"}
{"timestamp":"2025-05-13T11:15:21.509274","level":"info","event":"Filling up the DagBag from /home/airflow/.local/lib/python3.12/site-packages/airflow/example_dags/example_asset_decorator.py","logger":"airflow.models.dagbag.DagBag"}
{"timestamp":"2025-05-13T11:15:52.859926","level":"info","event":"Filling up the DagBag from /home/airflow/.local/lib/python3.12/site-packages/airflow/example_dags/example_asset_decorator.py","logger":"airflow.models.dagbag.DagBag"}
{"timestamp":"2025-05-13T13:34:29.761092","level":"info","event":"Filling up the DagBag from /home/airflow/.local/lib/python3.12/site-packages/airflow/example_dags/example_asset_decorator.py","logger":"airflow.models.dagbag.DagBag"}
{"timestamp":"2025-05-13T13:35:31.229452","level":"info","event":"Filling up the DagBag from /home/airflow/.local/lib/python3.12/site-packages/airflow/example_dags/example_asset_decorator.py","logger":"airflow.models.dagbag.DagBag"}
{"timestamp":"2025-05-13T13:36:02.206485","level":"info","event":"Filling up the DagBag from /home/airflow/.local/lib/python3.12/site-packages/airflow/example_dags/example_asset_decorator.py","logger":"airflow.models.dagbag.DagBag"}
{"timestamp":"2025-05-13T13:37:20.697857","level":"info","event":"Filling up the DagBag from /home/airflow/.local/lib/python3.12/site-packages/airflow/example_dags/example_asset_decorator.py","logger":"airflow.models.dagbag.DagBag"}
{"timestamp":"2025-05-13T13:38:11.448569","level":"info","event":"Filling up the DagBag from /home/airflow/.local/lib/python3.12/site-packages/airflow/example_dags/example_asset_decorator.py","logger":"airflow.models.dagbag.DagBag"}
{"timestamp":"2025-05-13T13:38:42.583437","level":"info","event":"Filling up the DagBag from /home/airflow/.local/lib/python3.12/site-packages/airflow/example_dags/example_asset_decorator.py","logger":"airflow.models.dagbag.DagBag"}
{"timestamp":"2025-05-13T13:39:12.929851","level":"info","event":"Filling up the DagBag from /home/airflow/.local/lib/python3.12/site-packages/airflow/example_dags/example_asset_decorator.py","logger":"airflow.models.dagbag.DagBag"}
{"timestamp":"2025-05-13T13:39:43.290743","level":"info","event":"Filling up the DagBag from /home/airflow/.local/lib/python3.12/site-packages/airflow/example_dags/example_asset_decorator.py","logger":"airflow.models.dagbag.DagBag"}
{"timestamp":"2025-05-13T13:40:13.981857","level":"info","event":"Filling up the DagBag from /home/airflow/.local/lib/python3.12/site-packages/airflow/example_dags/example_asset_decorator.py","logger":"airflow.models.dagbag.DagBag"}
{"timestamp":"2025-05-13T13:40:45.049819","level":"info","event":"Filling up the DagBag from /home/airflow/.local/lib/python3.12/site-packages/airflow/example_dags/example_asset_decorator.py","logger":"airflow.models.dagbag.DagBag"}
{"timestamp":"2025-05-13T13:41:15.578352","level":"info","event":"Filling up the DagBag from /home/airflow/.local/lib/python3.12/site-packages/airflow/example_dags/example_asset_decorator.py","logger":"airflow.models.dagbag.DagBag"}
{"timestamp":"2025-05-13T13:41:46.340393","level":"info","event":"Filling up the DagBag from /home/airflow/.local/lib/python3.12/site-packages/airflow/example_dags/example_asset_decorator.py","logger":"airflow.models.dagbag.DagBag"}
{"timestamp":"2025-05-13T13:42:16.753071","level":"info","event":"Filling up the DagBag from /home/airflow/.local/lib/python3.12/site-packages/airflow/example_dags/example_asset_decorator.py","logger":"airflow.models.dagbag.DagBag"}
{"timestamp":"2025-05-13T13:42:47.976632","level":"info","event":"Filling up the DagBag from /home/airflow/.local/lib/python3.12/site-packages/airflow/example_dags/example_asset_decorator.py","logger":"airflow.models.dagbag.DagBag"}
{"timestamp":"2025-05-13T13:43:18.380733","level":"info","event":"Filling up the DagBag from /home/airflow/.local/lib/python3.12/site-packages/airflow/example_dags/example_asset_decorator.py","logger":"airflow.models.dagbag.DagBag"}
{"timestamp":"2025-05-13T13:43:49.283788","level":"info","event":"Filling up the DagBag from /home/airflow/.local/lib/python3.12/site-packages/airflow/example_dags/example_asset_decorator.py","logger":"airflow.models.dagbag.DagBag"}
{"timestamp":"2025-05-13T13:44:20.434773","level":"info","event":"Filling up the DagBag from /home/airflow/.local/lib/python3.12/site-packages/airflow/example_dags/example_asset_decorator.py","logger":"airflow.models.dagbag.DagBag"}
